calculating...

q= 1427605645567594240372618037684727046757070497255450795233499101152324191379633485981195626562037911
p= 4876700885258901925112863216731027591722152818624619916517632929536339437752827988111764260335921503977
g= 1541
SK= 1069295908221077014459804662891222251718915564068310908928830348936471304052629818640751093130561612
PK= 3173334568615319295423442478434853609109123307198518392666820347421351119423809977409735410807480540546
msg1= i sent first message
rand1= 321212719456251928603729084848803592862779196433935354728500252333189401735260788976018181691291928
CH= 475013120776278145338069953148441703027006071205312184219573423201401609467827419912129569368884261245

msg2= this is for xiaoli
rand2= 1054578151551583233486855015888349350438603794202160665825064843726442696196934187831902477503996420912
newCH= 475013120776278145338069953148441703027006071205312184219573423201401609467827419912129569368884261245
msg1= i sent first message
rand1= 321212719456251928603729084848803592862779196433935354728500252333189401735260788976018181691291928
CH= 1954715726644947948173658531087777932541848054679631645558522615732254539325747231449907208270202997425

msg2= this is for xiaoli
rand2= 3820886347124219376278779523961369749235936234635237574951055326220463511187381058525341321704686775112
newCH= 1954715726644947948173658531087777932541848054679631645558522615732254539325747231449907208270202997425
msg1= i sent first message
rand1= 321212719456251928603729084848803592862779196433935354728500252333189401735260788976018181691291928
CH= 1247243261084933746076735731288889845326928461979221538828381085120822000371370406051099447560285872119

msg2= this is for xiaoli
rand2= 4794578888448163071020984365486294562992850929305592657250613012173947927222055574945687057143103204251
newCH= 1247243261084933746076735731288889845326928461979221538828381085120822000371370406051099447560285872119
msg1= i sent first message
rand1= 321212719456251928603729084848803592862779196433935354728500252333189401735260788976018181691291928
CH= 904340269609402760777048952098000496771515931508167571027827164332615901727849227652349969778841854255

msg2= this is for xiaoli
rand2= 4194354416389932997915462502571757115012550916942431008589855179169429792276740856577543571615079633641
newCH= 904340269609402760777048952098000496771515931508167571027827164332615901727849227652349969778841854255
msg1= i sent first message
rand1= 321212719456251928603729084848803592862779196433935354728500252333189401735260788976018181691291928
CH= 4269025430759081094944144629610492917585563929481475652279486807694851688025947007847760155248012872870

msg2= this is for xiaoli
rand2= 782817995676868171698634140175286569829925039242858221662362627282678197034736548241693671514517477898
newCH= 4269025430759081094944144629610492917585563929481475652279486807694851688025947007847760155248012872870
msg1= i sent first message
rand1= 321212719456251928603729084848803592862779196433935354728500252333189401735260788976018181691291928
CH= 1948088528246365847110283352524401012406075242153408967627414427965660212314580447105030130516449939968

msg2= this is for xiaoli
rand2= 4507541057435745910625080881262414052276493454448277279894464950326758762626794798108237460333512118567
newCH= 1948088528246365847110283352524401012406075242153408967627414427965660212314580447105030130516449939968
msg1= i sent first message
rand1= 321212719456251928603729084848803592862779196433935354728500252333189401735260788976018181691291928
CH= 4684843988604272176412228178824422590964114429022772320066000100974006280517852933305586882936014625261

msg2= this is for xiaoli
rand2= 1716041641130693563518969522140290708294557232824828852393866000437457433083091886808543298132082428904
newCH= 4684843988604272176412228178824422590964114429022772320066000100974006280517852933305586882936014625261
msg1= i sent first message
rand1= 321212719456251928603729084848803592862779196433935354728500252333189401735260788976018181691291928
CH= 4234948602102598782920083663106319794904262752628164838639442613535812576128174271064239092197189062872

msg2= this is for xiaoli
rand2= 370198380122667183429800325137213481678657149694580709591453697351658429314124421181893873740157131772
newCH= 4234948602102598782920083663106319794904262752628164838639442613535812576128174271064239092197189062872
msg1= i sent first message
rand1= 321212719456251928603729084848803592862779196433935354728500252333189401735260788976018181691291928
CH= 3244604412030339377390703750070641764557267984337803613935304192492351824219663214490472754861597590367

msg2= this is for xiaoli
rand2= 154181508594078615053219175537299719564774111799778243529970932765883070266864080037404642168517952464
newCH= 3244604412030339377390703750070641764557267984337803613935304192492351824219663214490472754861597590367
msg1= i sent first message
rand1= 321212719456251928603729084848803592862779196433935354728500252333189401735260788976018181691291928
CH= 124360779618322079178338752282121464987650967834125265944595253276697696412579356594135813106197930049

msg2= this is for xiaoli
rand2= 1607113373906745174329314766102662497432443861475582794021722207939638296739271786548086409067456265948
newCH= 124360779618322079178338752282121464987650967834125265944595253276697696412579356594135813106197930049
msg1= i sent first message
rand1= 321212719456251928603729084848803592862779196433935354728500252333189401735260788976018181691291928
CH= 2342436036137535180097393781520991875904620138992697231442482083180099565669352773372384458748421484658

msg2= this is for xiaoli
rand2= 660027916351211256280044886904496639711406646964539029300408520872017179425652470417516451175979405716
newCH= 2342436036137535180097393781520991875904620138992697231442482083180099565669352773372384458748421484658
msg1= i sent first message
rand1= 321212719456251928603729084848803592862779196433935354728500252333189401735260788976018181691291928
CH= 1165921369057742709604397810414865951501562334000168258694507651357853249711056285004042711965644606360

msg2= this is for xiaoli
rand2= 4003763484820504786140422570442127513882317061286859974932871193165888147470228115826274585047075941482
newCH= 1165921369057742709604397810414865951501562334000168258694507651357853249711056285004042711965644606360
msg1= i sent first message
rand1= 321212719456251928603729084848803592862779196433935354728500252333189401735260788976018181691291928
CH= 2926338833187544460980594244496403537088466698110212954736441315010145516103521216810517905477311041189

msg2= this is for xiaoli
rand2= 4788000463430514349384603876437300726932272678601198532363822357489719334747944027609364973275228521491
newCH= 2926338833187544460980594244496403537088466698110212954736441315010145516103521216810517905477311041189
msg1= i sent first message
rand1= 321212719456251928603729084848803592862779196433935354728500252333189401735260788976018181691291928
CH= 1958509193009954235471979656493483514501035237842566749402485006045874596213788147184140540271667199476

msg2= this is for xiaoli
rand2= 1373224648218811129987873424310859415179591916764378819609596050085085321812261360215541015180551081118
newCH= 1958509193009954235471979656493483514501035237842566749402485006045874596213788147184140540271667199476
msg1= i sent first message
rand1= 321212719456251928603729084848803592862779196433935354728500252333189401735260788976018181691291928
CH= 1099887206293865692744422247162996650217635404060559347025111723867806745524714274623337533093501223597

msg2= this is for xiaoli
rand2= 4291392414015896710136236654500608426676607040894815837011826252319823762934507658465237043272051850287
newCH= 1099887206293865692744422247162996650217635404060559347025111723867806745524714274623337533093501223597
msg1= i sent first message
rand1= 321212719456251928603729084848803592862779196433935354728500252333189401735260788976018181691291928
CH= 1196480606237006851125878572244997870867708168793251664452020031672694139553503152544771536911912739770

msg2= this is for xiaoli
rand2= 1933573217766932681960353664228631293470602704530196041175079456815380393393313353298652092660549018510
newCH= 1196480606237006851125878572244997870867708168793251664452020031672694139553503152544771536911912739770
msg1= i sent first message
rand1= 321212719456251928603729084848803592862779196433935354728500252333189401735260788976018181691291928
CH= 2983173511021860518488155070765612941415551561978858989213731518512116825601158818384596455251292356227

msg2= this is for xiaoli
rand2= 1575756444047179853025123360974657333160045135109858567197544762811026356619926494207177410614741092462
newCH= 2983173511021860518488155070765612941415551561978858989213731518512116825601158818384596455251292356227
msg1= i sent first message
rand1= 321212719456251928603729084848803592862779196433935354728500252333189401735260788976018181691291928
CH= 253647627017680278380533136304281302247023057873956465373857322282645554975887931528807728422949402596

msg2= this is for xiaoli
rand2= 2482345496577580225788499832389110454930510226715540764030633638295572583974371167939456450878407270903
newCH= 253647627017680278380533136304281302247023057873956465373857322282645554975887931528807728422949402596
msg1= i sent first message
rand1= 321212719456251928603729084848803592862779196433935354728500252333189401735260788976018181691291928
CH= 2440722742332769299100852944382059150845850999452479312536416859556881878306393726561102058843805605001

msg2= this is for xiaoli
rand2= 635572176175508284755461923333240691558525089059464174998256119187932261479684948418784821753792814334
newCH= 2440722742332769299100852944382059150845850999452479312536416859556881878306393726561102058843805605001
msg1= i sent first message
rand1= 321212719456251928603729084848803592862779196433935354728500252333189401735260788976018181691291928
CH= 4356903684302873884700943272597364374570229730093792485022093528848685408839153263998571298297904211215

msg2= this is for xiaoli
rand2= 3017147836263922407244254863637098077385267599880667264558545632437001670385218908249551036925776347646
newCH= 4356903684302873884700943272597364374570229730093792485022093528848685408839153263998571298297904211215
msg1= i sent first message
rand1= 321212719456251928603729084848803592862779196433935354728500252333189401735260788976018181691291928
CH= 1292734825196580542691543403051991134135444221141150278874505959697827611232636941890076593301281726341

msg2= this is for xiaoli
rand2= 3038137548780377507331791204353565546750390175360872865227705171921724310265631365653589979564627903321
newCH= 1292734825196580542691543403051991134135444221141150278874505959697827611232636941890076593301281726341
msg1= i sent first message
rand1= 321212719456251928603729084848803592862779196433935354728500252333189401735260788976018181691291928
CH= 4827282292215937765490838679548679021743590277872261136606059499117199663784123949163828250504952766043

msg2= this is for xiaoli
rand2= 1744805932581562873819214159206615943550740622945380162434221266133608581679925466573075682470114981330
newCH= 4827282292215937765490838679548679021743590277872261136606059499117199663784123949163828250504952766043
msg1= i sent first message
rand1= 321212719456251928603729084848803592862779196433935354728500252333189401735260788976018181691291928
CH= 2384656833404539847366325953727131974975684344685496648064880927177799262918018659330750799238059462005

msg2= this is for xiaoli
rand2= 234239562392494418943253617218750647434358933140324385680462942575244248807112170128054917117846717664
newCH= 2384656833404539847366325953727131974975684344685496648064880927177799262918018659330750799238059462005
msg1= i sent first message
rand1= 321212719456251928603729084848803592862779196433935354728500252333189401735260788976018181691291928
CH= 2879989096322843407735385424309019864955325286821410306033481032326490649325881962356036185590634393979

msg2= this is for xiaoli
rand2= 3395846725487491831796864199474569078432309080452189510446414277986179415649083388378216518506263578922
newCH= 2879989096322843407735385424309019864955325286821410306033481032326490649325881962356036185590634393979
msg1= i sent first message
rand1= 321212719456251928603729084848803592862779196433935354728500252333189401735260788976018181691291928
CH= 2690160442389425280366321072880120937252157339420652958960056277605878957306409534121399627751083386702

msg2= this is for xiaoli
rand2= 2089961558601969219143773621812563633650051774912386799932794601459689581159429083951943105929878786145
newCH= 2690160442389425280366321072880120937252157339420652958960056277605878957306409534121399627751083386702
msg1= i sent first message
rand1= 321212719456251928603729084848803592862779196433935354728500252333189401735260788976018181691291928
CH= 3323986692853700032448967313643238439134697687542866591152617021924049753695826477367530493038489127782

msg2= this is for xiaoli
rand2= 667506464932940401085103743066384787677085111814798861182735593927187330627832874735384452682084097414
newCH= 3323986692853700032448967313643238439134697687542866591152617021924049753695826477367530493038489127782
msg1= i sent first message
rand1= 321212719456251928603729084848803592862779196433935354728500252333189401735260788976018181691291928
CH= 4092620677335790190992944137253602694327394029142036227955686320872971823102154241524002967721269536183

msg2= this is for xiaoli
rand2= 17559609672353234594005736078182689164790397905636317054249997197433862151088232647140183235144520199
newCH= 4092620677335790190992944137253602694327394029142036227955686320872971823102154241524002967721269536183
msg1= i sent first message
rand1= 321212719456251928603729084848803592862779196433935354728500252333189401735260788976018181691291928
CH= 4558926676524373538939390416610219945673709080521947538546889044155957535649618857864287413684238248129

msg2= this is for xiaoli
rand2= 3896282368751128715880663528819591294205072973129250929721789132291580059709272438219446670894929824762
newCH= 4558926676524373538939390416610219945673709080521947538546889044155957535649618857864287413684238248129
msg1= i sent first message
rand1= 321212719456251928603729084848803592862779196433935354728500252333189401735260788976018181691291928
CH= 1896680313609877272559723800000057518107347201969142833621101535252487700122114029138580854797412456373

msg2= this is for xiaoli
rand2= 2504295345303355819981447323531360493534840501528407856063771468864781347789413258732028123821627170305
newCH= 1896680313609877272559723800000057518107347201969142833621101535252487700122114029138580854797412456373
msg1= i sent first message
rand1= 321212719456251928603729084848803592862779196433935354728500252333189401735260788976018181691291928
CH= 2375041108708990930854081467734127616410648027701656624109131942415189717595025762342022087795544901409

msg2= this is for xiaoli
rand2= 2893849444698492637265429935447844387832969644839156390132512979530386547308093306152061137525985232766
newCH= 2375041108708990930854081467734127616410648027701656624109131942415189717595025762342022087795544901409
msg1= i sent first message
rand1= 321212719456251928603729084848803592862779196433935354728500252333189401735260788976018181691291928
CH= 3424552627951455836013621975132172320644250730278264459873485416063484693794544796505301299563836248406

msg2= this is for xiaoli
rand2= 2571014846625419694104440017392989853392128819814175443064102455310498099804104513203857226336773595157
newCH= 3424552627951455836013621975132172320644250730278264459873485416063484693794544796505301299563836248406
msg1= i sent first message
rand1= 321212719456251928603729084848803592862779196433935354728500252333189401735260788976018181691291928
CH= 4169453980975966142603479947129998082333023864215541203817435068600154176437427016174681045789554459417

msg2= this is for xiaoli
rand2= 4626512633994442099372770451563497585848975018436456815521130414384942680700729414596069447755924672783
newCH= 4169453980975966142603479947129998082333023864215541203817435068600154176437427016174681045789554459417
msg1= i sent first message
rand1= 321212719456251928603729084848803592862779196433935354728500252333189401735260788976018181691291928
CH= 1207593760159498877903207020935276076599367779384917536504315363960909069988185240605696415095918374505

msg2= this is for xiaoli
rand2= 948487888743786338337798751552299195113249060224651648470129012130211172006602921112768224528198481658
newCH= 1207593760159498877903207020935276076599367779384917536504315363960909069988185240605696415095918374505
msg1= i sent first message
rand1= 321212719456251928603729084848803592862779196433935354728500252333189401735260788976018181691291928
CH= 258388381144938669473766256102796234965552099929168500784359996245993021315614051052909027042072540158

msg2= this is for xiaoli
rand2= 4101391976069912277579816762691604341184360922989912469582017858274532693410336077214968651473939935244
newCH= 258388381144938669473766256102796234965552099929168500784359996245993021315614051052909027042072540158
msg1= i sent first message
rand1= 321212719456251928603729084848803592862779196433935354728500252333189401735260788976018181691291928
CH= 1230323632092952342261682563350263534123994961710720790364552880958856576606236013814598830137337342747

msg2= this is for xiaoli
rand2= 2433894593026021453292816397682059178211866278214304036601294107297054914271988898095598650737381028575
newCH= 1230323632092952342261682563350263534123994961710720790364552880958856576606236013814598830137337342747
msg1= i sent first message
rand1= 321212719456251928603729084848803592862779196433935354728500252333189401735260788976018181691291928
CH= 1217333962914899361387056413423574168495447646593021592029518984056735188023922013958692210253029272331

msg2= this is for xiaoli
rand2= 643443941348821262068267817753668510709372053930373474874806591139176268931831259929439927499309551253
newCH= 1217333962914899361387056413423574168495447646593021592029518984056735188023922013958692210253029272331
msg1= i sent first message
rand1= 321212719456251928603729084848803592862779196433935354728500252333189401735260788976018181691291928
CH= 16479777743923487794573923789547630650389322858692413081032309784814521699935518919086131623352005130

msg2= this is for xiaoli
rand2= 2890079562914113569540808167738535645420269146001383458754765770024307561583363474059048769643612081087
newCH= 16479777743923487794573923789547630650389322858692413081032309784814521699935518919086131623352005130
msg1= i sent first message
rand1= 321212719456251928603729084848803592862779196433935354728500252333189401735260788976018181691291928
CH= 898243923021136571538123503959674350725127284128087543739551516189007453150966094161286661281688583674

msg2= this is for xiaoli
rand2= 314540334819218988810254715401082340125912077721394754655105133385714820606713376350155829357158806964
newCH= 898243923021136571538123503959674350725127284128087543739551516189007453150966094161286661281688583674
msg1= i sent first message
rand1= 321212719456251928603729084848803592862779196433935354728500252333189401735260788976018181691291928
CH= 1583188686392496821444176824658758343775504948459396096403846477690708705471817074398828171028891547846

msg2= this is for xiaoli
rand2= 2672433114624758220973991350091065123084741620058269494906519266012658753364345597919546548940284454546
newCH= 1583188686392496821444176824658758343775504948459396096403846477690708705471817074398828171028891547846
msg1= i sent first message
rand1= 321212719456251928603729084848803592862779196433935354728500252333189401735260788976018181691291928
CH= 1100881297334050500689336607202146999051659450707848273611510610400845109690161674783437734121743515170

msg2= this is for xiaoli
rand2= 2155864241027502228814522468190024273491993130815536022628612349835237722525194676967636992612404924811
newCH= 1100881297334050500689336607202146999051659450707848273611510610400845109690161674783437734121743515170
msg1= i sent first message
rand1= 321212719456251928603729084848803592862779196433935354728500252333189401735260788976018181691291928
CH= 2039572128072128486440870085534339887154099875850805061465073268112027258892259119916802027765349982818

msg2= this is for xiaoli
rand2= 1708207457149662175951719413245396815967581536979066303935336959761604651475422169790379127804295780362
newCH= 2039572128072128486440870085534339887154099875850805061465073268112027258892259119916802027765349982818
msg1= i sent first message
rand1= 321212719456251928603729084848803592862779196433935354728500252333189401735260788976018181691291928
CH= 3509273733431234058497008078310267432090917575439048791209785370919346023808962838557215317584244968196

msg2= this is for xiaoli
rand2= 3411022863358961027625387360757570591309334840384164397856012538584845727800769310660896378075911252962
newCH= 3509273733431234058497008078310267432090917575439048791209785370919346023808962838557215317584244968196
msg1= i sent first message
rand1= 321212719456251928603729084848803592862779196433935354728500252333189401735260788976018181691291928
CH= 4404465651090094812320034211769392525663350585245781704062203322833424379007583588276527785640178115880

msg2= this is for xiaoli
rand2= 4574323228120523868972586145059394904747421105965764408566698308147691191605602430728850289968615801330
newCH= 4404465651090094812320034211769392525663350585245781704062203322833424379007583588276527785640178115880
msg1= i sent first message
rand1= 321212719456251928603729084848803592862779196433935354728500252333189401735260788976018181691291928
CH= 4112179957308791653107273472994250636824089836268804472496173623683461529327870765458629619012692638160

msg2= this is for xiaoli
rand2= 965262144967760676119512613787555114705732483793066992696042599561624272698641086613688550371361871440
newCH= 4112179957308791653107273472994250636824089836268804472496173623683461529327870765458629619012692638160
msg1= i sent first message
rand1= 321212719456251928603729084848803592862779196433935354728500252333189401735260788976018181691291928
CH= 4754980802523866760236472140664288731496829901310629563096137361017995286946447538722542226027622150746

msg2= this is for xiaoli
rand2= 363307325043154374249875569294860554367040871148913200227075829631698615603220107231545753558984877421
newCH= 4754980802523866760236472140664288731496829901310629563096137361017995286946447538722542226027622150746
msg1= i sent first message
rand1= 321212719456251928603729084848803592862779196433935354728500252333189401735260788976018181691291928
CH= 1396163568294634640679074749348960452049070728085963939966715401006008655046881008308252698501638517431

msg2= this is for xiaoli
rand2= 1192386041899393312091215156824993141343794101617771745383358981229149925114984683198070439331655675989
newCH= 1396163568294634640679074749348960452049070728085963939966715401006008655046881008308252698501638517431
msg1= i sent first message
rand1= 321212719456251928603729084848803592862779196433935354728500252333189401735260788976018181691291928
CH= 360488939038589776274465709476151540745054658475981747327788093761748851245365307646093955446029648962

msg2= this is for xiaoli
rand2= 1115534115033060863466742108472045900477261684433296602062080459908269929121002469596290353026109039875
newCH= 360488939038589776274465709476151540745054658475981747327788093761748851245365307646093955446029648962
msg1= i sent first message
rand1= 321212719456251928603729084848803592862779196433935354728500252333189401735260788976018181691291928
CH= 4002649937388366035577736166657705528698031712889050277612593575004947586947716441888958959825557503448

msg2= this is for xiaoli
rand2= 3266870966584406114776002365382262219702949681035711013960467946846197658369778543504658702387242233784
newCH= 4002649937388366035577736166657705528698031712889050277612593575004947586947716441888958959825557503448
msg1= i sent first message
rand1= 321212719456251928603729084848803592862779196433935354728500252333189401735260788976018181691291928
CH= 1075323838355100829756492502779982362301865520395717964098354627326613802304294691834478726257540979801

msg2= this is for xiaoli
rand2= 4123928036714758288646856794529071440032158947200363288219478629429810355834098379124556239452026548913
newCH= 1075323838355100829756492502779982362301865520395717964098354627326613802304294691834478726257540979801
msg1= i sent first message
rand1= 321212719456251928603729084848803592862779196433935354728500252333189401735260788976018181691291928
CH= 2364588785493178345900383998082185412475694122759623492844666050011852046518938182030571754007720969224

msg2= this is for xiaoli
rand2= 2479161984538845802099153259430837601998768330298848934017277553679700390516945717154009168761028689742
newCH= 2364588785493178345900383998082185412475694122759623492844666050011852046518938182030571754007720969224
msg1= i sent first message
rand1= 321212719456251928603729084848803592862779196433935354728500252333189401735260788976018181691291928
CH= 63168012531001803236484443306405340167394419814570583611072005338473904597196121617946045819651045610

msg2= this is for xiaoli
rand2= 2978882166685488764835634327125970615735403462057215913664364656571115371280503965574411394854118001680
newCH= 63168012531001803236484443306405340167394419814570583611072005338473904597196121617946045819651045610
msg1= i sent first message
rand1= 321212719456251928603729084848803592862779196433935354728500252333189401735260788976018181691291928
CH= 1265806271336678440089261325360612729264550735734912975861778925338996484798443744822219311785160836951

msg2= this is for xiaoli
rand2= 1434916949557946441405737817915215968711428404468143300896531264390781259953334367693832446240783374704
newCH= 1265806271336678440089261325360612729264550735734912975861778925338996484798443744822219311785160836951
msg1= i sent first message
rand1= 321212719456251928603729084848803592862779196433935354728500252333189401735260788976018181691291928
CH= 3968662314860889139423779614296262370846293666380116803246773882314442568913862171916142230874711353985

msg2= this is for xiaoli
rand2= 736130227181314376350215075218694367992987806048065811715220264434673456927457102927569951894828689611
newCH= 3968662314860889139423779614296262370846293666380116803246773882314442568913862171916142230874711353985
msg1= i sent first message
rand1= 321212719456251928603729084848803592862779196433935354728500252333189401735260788976018181691291928
CH= 4727936774445124591198615563728217787257052190647701069460189806353501278952051331633815529065664305316

msg2= this is for xiaoli
rand2= 3231526195348412968710277245532720309556812148026807405772970899869239070308852250313372659551441864019
newCH= 4727936774445124591198615563728217787257052190647701069460189806353501278952051331633815529065664305316
msg1= i sent first message
rand1= 321212719456251928603729084848803592862779196433935354728500252333189401735260788976018181691291928
CH= 1744073857750599119143118539131767743539031805447676112405950393944667993902447512770583889462919241147

msg2= this is for xiaoli
rand2= 2228346997986582670983024270018573621548928307387508096123792434431946695205903980282976591283330357738
newCH= 1744073857750599119143118539131767743539031805447676112405950393944667993902447512770583889462919241147
msg1= i sent first message
rand1= 321212719456251928603729084848803592862779196433935354728500252333189401735260788976018181691291928
CH= 2940892923284458986948528190875005310202487310207958475573495289208439801560788746476057062736067564995

msg2= this is for xiaoli
rand2= 3370368770306415609722632958810979543989600538405119740194903693128896529713114937771211342787629923263
newCH= 2940892923284458986948528190875005310202487310207958475573495289208439801560788746476057062736067564995
msg1= i sent first message
rand1= 321212719456251928603729084848803592862779196433935354728500252333189401735260788976018181691291928
CH= 2669135695633673269804290707692767127482425342526288467211773294404122662330472223284430985180320697696

msg2= this is for xiaoli
rand2= 3956883254651710665598853986951674523380633256216332921434843554984490324021371105609587689624267271153
newCH= 2669135695633673269804290707692767127482425342526288467211773294404122662330472223284430985180320697696
msg1= i sent first message
rand1= 321212719456251928603729084848803592862779196433935354728500252333189401735260788976018181691291928
CH= 1609624841374640172220882147966305629687787985258716720583311637125934471490694276311314121309205144991

msg2= this is for xiaoli
rand2= 4456358242169515125082997655867442593280154656979061200960305993257613220967561630187065068859602604498
newCH= 1609624841374640172220882147966305629687787985258716720583311637125934471490694276311314121309205144991
msg1= i sent first message
rand1= 321212719456251928603729084848803592862779196433935354728500252333189401735260788976018181691291928
CH= 115737203435815538326820517458782351920938675630637010170522606239056766026470188352358097578191598152

msg2= this is for xiaoli
rand2= 4519423452189971195017881610391899062833632764064785298762698324132649999472132864634797894354991760513
newCH= 115737203435815538326820517458782351920938675630637010170522606239056766026470188352358097578191598152
msg1= i sent first message
rand1= 321212719456251928603729084848803592862779196433935354728500252333189401735260788976018181691291928
CH= 1414163169974504082457308065770036272511540297975379159188653095963894042689037625719111759874290461445

msg2= this is for xiaoli
rand2= 2337297297249992084616170895426218758986665763615857976268196241249740122757144676947410615097122880645
newCH= 1414163169974504082457308065770036272511540297975379159188653095963894042689037625719111759874290461445
msg1= i sent first message
rand1= 321212719456251928603729084848803592862779196433935354728500252333189401735260788976018181691291928
CH= 3072799680719999762112780991921476880567229301833656815694375624404938171230955551499078819212511628668

msg2= this is for xiaoli
rand2= 1728384691519054687580837364191716962229433895646227801302320787919853337101943784101434469347737788272
newCH= 3072799680719999762112780991921476880567229301833656815694375624404938171230955551499078819212511628668
msg1= i sent first message
rand1= 321212719456251928603729084848803592862779196433935354728500252333189401735260788976018181691291928
CH= 2570146930440383284774872410107307429130716077846016735614100809307846503564842651298259210278372654698

msg2= this is for xiaoli
rand2= 2405466584525668995647405676629356705183019701238724298213735040885561477605233489369896288127420312956
newCH= 2570146930440383284774872410107307429130716077846016735614100809307846503564842651298259210278372654698
msg1= i sent first message
rand1= 321212719456251928603729084848803592862779196433935354728500252333189401735260788976018181691291928
CH= 4858306902385573891675147069717914605116966223189584813567881487041742957070680201197228817067622386682

msg2= this is for xiaoli
rand2= 4050800616564018179460559447492675111346560215221074174838270334636841121872725480981842132843921747814
newCH= 4858306902385573891675147069717914605116966223189584813567881487041742957070680201197228817067622386682
msg1= i sent first message
rand1= 321212719456251928603729084848803592862779196433935354728500252333189401735260788976018181691291928
CH= 1132315434000086407776385396850276494414750716784552275286156671896321997662769525088792541857726031208

msg2= this is for xiaoli
rand2= 1886957351532820825744458815598853412540613664729996203988033028339852872665840762943378888158443169546
newCH= 1132315434000086407776385396850276494414750716784552275286156671896321997662769525088792541857726031208
msg1= i sent first message
rand1= 321212719456251928603729084848803592862779196433935354728500252333189401735260788976018181691291928
CH= 680827539085582126575065739609809635036946288328097390675072182917567074829689512014351036651110707541

msg2= this is for xiaoli
rand2= 629926981294636292683044795001646735477230979201023681476308192414292135209329154244969634584303627176
newCH= 680827539085582126575065739609809635036946288328097390675072182917567074829689512014351036651110707541
msg1= i sent first message
rand1= 321212719456251928603729084848803592862779196433935354728500252333189401735260788976018181691291928
CH= 2659560124343882288971392823486230584263127912234236891073866185994795560578947284633462515512707079755

msg2= this is for xiaoli
rand2= 2609154518872198039846708481985764866872897507865140933987939470700824904948712818542329332774330298665
newCH= 2659560124343882288971392823486230584263127912234236891073866185994795560578947284633462515512707079755
msg1= i sent first message
rand1= 321212719456251928603729084848803592862779196433935354728500252333189401735260788976018181691291928
CH= 3453592685131528412813950255685382937962248167398926113209775638627240115954574621318395097571914986725

msg2= this is for xiaoli
rand2= 1399357861638380340454506852429766941598165484476684266913742953752309899585221660604953649701679924129
newCH= 3453592685131528412813950255685382937962248167398926113209775638627240115954574621318395097571914986725
msg1= i sent first message
rand1= 321212719456251928603729084848803592862779196433935354728500252333189401735260788976018181691291928
CH= 1229444287736222023362411298301883674341634804298755439029458145120698928522755811275579483945682190211

msg2= this is for xiaoli
rand2= 1546019219311348384636149104178991548170188822657025963662511945937871173775506294911064727224975993041
newCH= 1229444287736222023362411298301883674341634804298755439029458145120698928522755811275579483945682190211
msg1= i sent first message
rand1= 321212719456251928603729084848803592862779196433935354728500252333189401735260788976018181691291928
CH= 4746019085175025307478262545422686296563612954520645767254659171206507460863919324957192319324856922762

msg2= this is for xiaoli
rand2= 2930187746864088529300596796413488374743683427402398369662769125901012600735504618456296381484915864765
newCH= 4746019085175025307478262545422686296563612954520645767254659171206507460863919324957192319324856922762
msg1= i sent first message
rand1= 321212719456251928603729084848803592862779196433935354728500252333189401735260788976018181691291928
CH= 1370711474145057239707416428137320150362936463688596758071237542225002878422834830163273183005626561244

msg2= this is for xiaoli
rand2= 3967233241872493372796868569849772749747931823085588211287053733048450433786837610247489653281437258250
newCH= 1370711474145057239707416428137320150362936463688596758071237542225002878422834830163273183005626561244
msg1= i sent first message
rand1= 321212719456251928603729084848803592862779196433935354728500252333189401735260788976018181691291928
CH= 377475836156608009611058001944662962994781908099637079247002223308540869045324792214475390581281319242

msg2= this is for xiaoli
rand2= 2166720209309760715923986281473217985921583633699557205830049329526593066381363417617296293464630712202
newCH= 377475836156608009611058001944662962994781908099637079247002223308540869045324792214475390581281319242
msg1= i sent first message
rand1= 321212719456251928603729084848803592862779196433935354728500252333189401735260788976018181691291928
CH= 2832868167159051119812864812458629529399889222751816766787266604402587069147864295541578723076687487000

msg2= this is for xiaoli
rand2= 1218171023270509968822117356101237879243821721311774192369165660969821339353132950766273896606811141051
newCH= 2832868167159051119812864812458629529399889222751816766787266604402587069147864295541578723076687487000
msg1= i sent first message
rand1= 321212719456251928603729084848803592862779196433935354728500252333189401735260788976018181691291928
CH= 686220788302255880691370182341442588222480288389728455318274030413956210859573627137697757978046131915

msg2= this is for xiaoli
rand2= 921174086741468351291844233996655059737022597344813851110405129137583603492370199759031090077874787356
newCH= 686220788302255880691370182341442588222480288389728455318274030413956210859573627137697757978046131915
msg1= i sent first message
rand1= 321212719456251928603729084848803592862779196433935354728500252333189401735260788976018181691291928
CH= 4667369997494338520866909927624896462067068072747224161875037999927324932853722809795678668985715622483

msg2= this is for xiaoli
rand2= 1205850644420617271916186142379742511812904063046297346632350965855885464879962827221789870409782502205
newCH= 4667369997494338520866909927624896462067068072747224161875037999927324932853722809795678668985715622483
msg1= i sent first message
rand1= 321212719456251928603729084848803592862779196433935354728500252333189401735260788976018181691291928
CH= 1511373389423173526531622265540977651540244387701242277373575312722986119066717692947357060458609225663

msg2= this is for xiaoli
rand2= 251832645655797269635504331840852382233788975574481999162157306617597388995843649268888434684349891173
newCH= 1511373389423173526531622265540977651540244387701242277373575312722986119066717692947357060458609225663
msg1= i sent first message
rand1= 321212719456251928603729084848803592862779196433935354728500252333189401735260788976018181691291928
CH= 4056321562400470322831222712946509427546036997749303727654357535079864412198737905101730914784948546536

msg2= this is for xiaoli
rand2= 2591853238991177854890982559467813471155550192047771848511259167785572925520405819019305365322311772754
newCH= 4056321562400470322831222712946509427546036997749303727654357535079864412198737905101730914784948546536
msg1= i sent first message
rand1= 321212719456251928603729084848803592862779196433935354728500252333189401735260788976018181691291928
CH= 36665540556705076688724016316461296327987970225718687504782981514155473330290709901309090462856526843

msg2= this is for xiaoli
rand2= 2224839172574337359892045033871472791330009680251142655491667931723573768511287587075640616177083684289
newCH= 36665540556705076688724016316461296327987970225718687504782981514155473330290709901309090462856526843
msg1= i sent first message
rand1= 321212719456251928603729084848803592862779196433935354728500252333189401735260788976018181691291928
CH= 4628218067688248896930375271864637671737974340884256340166136884670552233541513289703407598937449692235

msg2= this is for xiaoli
rand2= 1655050374115182580488596009715646348129295813305415941113705849859756495230228643407980128524469383597
newCH= 4628218067688248896930375271864637671737974340884256340166136884670552233541513289703407598937449692235
msg1= i sent first message
rand1= 321212719456251928603729084848803592862779196433935354728500252333189401735260788976018181691291928
CH= 2934534990101035372673291642057402914831891628104562930360463258813249656449012311437506827372448353970

msg2= this is for xiaoli
rand2= 459455765710891127362721554552158655082340116674005134384084028977606609116731860142715423110498420200
newCH= 2934534990101035372673291642057402914831891628104562930360463258813249656449012311437506827372448353970
msg1= i sent first message
rand1= 321212719456251928603729084848803592862779196433935354728500252333189401735260788976018181691291928
CH= 892164177466957162226816837849380269486403317273472916138010349290358022888568470294890581629256228443

msg2= this is for xiaoli
rand2= 257287393042163502254019279686060009974818820312699878890062188375782513456516699645470393542397043365
newCH= 892164177466957162226816837849380269486403317273472916138010349290358022888568470294890581629256228443
msg1= i sent first message
rand1= 321212719456251928603729084848803592862779196433935354728500252333189401735260788976018181691291928
CH= 3237367100810288695296983765417640742396657396326365996735914914932632544609915362588246328999088425269

msg2= this is for xiaoli
rand2= 3375193428877827160272206718178193469853155847930291647277750351607550948556784474773914524093917516262
newCH= 3237367100810288695296983765417640742396657396326365996735914914932632544609915362588246328999088425269
msg1= i sent first message
rand1= 321212719456251928603729084848803592862779196433935354728500252333189401735260788976018181691291928
CH= 1014706562184899587695107103466760850312513802484353263291538646394021439693363108593240461404714143937

msg2= this is for xiaoli
rand2= 4336810657088714850549949622535352261896395756032187020968301617546357606570438522449508429473240149622
newCH= 1014706562184899587695107103466760850312513802484353263291538646394021439693363108593240461404714143937
msg1= i sent first message
rand1= 321212719456251928603729084848803592862779196433935354728500252333189401735260788976018181691291928
CH= 3741888108186945329567807428502555774616655624844618804283826281622928234081605469685762285045053085084

msg2= this is for xiaoli
rand2= 40973920028931050046255618597720230817411624603766828813059274012079234868052290478640906921868718496
newCH= 3741888108186945329567807428502555774616655624844618804283826281622928234081605469685762285045053085084
msg1= i sent first message
rand1= 321212719456251928603729084848803592862779196433935354728500252333189401735260788976018181691291928
CH= 4537084413062222017288408792675875221062520752385079369954380341674321999124762028692313955272920789495

msg2= this is for xiaoli
rand2= 4367413725228529116591431047656199686882861674078452563406860581311922417314011251469973086456940780230
newCH= 4537084413062222017288408792675875221062520752385079369954380341674321999124762028692313955272920789495
msg1= i sent first message
rand1= 321212719456251928603729084848803592862779196433935354728500252333189401735260788976018181691291928
CH= 843098179488380909503542777367093621309430248189734062782059668933109562415278633040372077017934237829

msg2= this is for xiaoli
rand2= 4654267835306936869036305518685886524855735648434793993030103531326833848670891792467482951341736994906
newCH= 843098179488380909503542777367093621309430248189734062782059668933109562415278633040372077017934237829
msg1= i sent first message
rand1= 321212719456251928603729084848803592862779196433935354728500252333189401735260788976018181691291928
CH= 3310438738262198272830980216881695727303353289824907966316486895781032695085282208206571701657832698236

msg2= this is for xiaoli
rand2= 3653753668463457055894155064742728518232978001872347853566159019808390521753638333185863292930092626432
newCH= 3310438738262198272830980216881695727303353289824907966316486895781032695085282208206571701657832698236
msg1= i sent first message
rand1= 321212719456251928603729084848803592862779196433935354728500252333189401735260788976018181691291928
CH= 501586091614367794944268584141514630564770016458173153441501803372939630900779675405557868945605522437

msg2= this is for xiaoli
rand2= 1634673002332026805671485826357647253761178367820305796538660459580301966588431590479179646597563202188
newCH= 501586091614367794944268584141514630564770016458173153441501803372939630900779675405557868945605522437
msg1= i sent first message
rand1= 321212719456251928603729084848803592862779196433935354728500252333189401735260788976018181691291928
CH= 2300076292685605967671616768023358521631786058960741076922688888293423996233325995758822850325510946889

msg2= this is for xiaoli
rand2= 4210661519179575774261921520716413728608219081717471593099211128133856925196264217711064105333764769358
newCH= 2300076292685605967671616768023358521631786058960741076922688888293423996233325995758822850325510946889
msg1= i sent first message
rand1= 321212719456251928603729084848803592862779196433935354728500252333189401735260788976018181691291928
CH= 3973545256541892394004359731024148974363581864746368535380124897098176436496937204236494256516589356571

msg2= this is for xiaoli
rand2= 2361104568255712056004298250780245521439162809744767124598402149074281459653238056504704053380703395260
newCH= 3973545256541892394004359731024148974363581864746368535380124897098176436496937204236494256516589356571
msg1= i sent first message
rand1= 321212719456251928603729084848803592862779196433935354728500252333189401735260788976018181691291928
CH= 3857113184073825156143599899772389899941226201254665352428583545551901573232612652093976496091413362004

msg2= this is for xiaoli
rand2= 1494228567961845770515083865580663488822239870979129475187480585465687217667683844445533561116618447407
newCH= 3857113184073825156143599899772389899941226201254665352428583545551901573232612652093976496091413362004
msg1= i sent first message
rand1= 321212719456251928603729084848803592862779196433935354728500252333189401735260788976018181691291928
CH= 1791142930689638214958004668740572782751448906230216495989936546851305547148077257559808737511359084903

msg2= this is for xiaoli
rand2= 1817312479923945622996776932416466856804081745380460279266717628617503551334603362457806332424788355957
newCH= 1791142930689638214958004668740572782751448906230216495989936546851305547148077257559808737511359084903
msg1= i sent first message
rand1= 321212719456251928603729084848803592862779196433935354728500252333189401735260788976018181691291928
CH= 1489952645381294830044940779858725627712674215052316770296779116530233592428921873289526345047406173152

msg2= this is for xiaoli
rand2= 2072934030825814395747312599609371224642193903791087741884503517546631974858516906932315483902809879378
newCH= 1489952645381294830044940779858725627712674215052316770296779116530233592428921873289526345047406173152
msg1= i sent first message
rand1= 321212719456251928603729084848803592862779196433935354728500252333189401735260788976018181691291928
CH= 3798705521532838760005339556607472048798574275665454533769742182249984349040126220364781924767056315603

msg2= this is for xiaoli
rand2= 1759377400753673293588347408064651163918863909811056395183730052669875747607351038716120574352070777158
newCH= 3798705521532838760005339556607472048798574275665454533769742182249984349040126220364781924767056315603
msg1= i sent first message
rand1= 321212719456251928603729084848803592862779196433935354728500252333189401735260788976018181691291928
CH= 3668246469439403642108139954942051788039002108926450914263936751875235784419821235123771599946359696607

msg2= this is for xiaoli
rand2= 4525674987323915902465480448775078523749895003314460408891386616350365824718881273865777136389069139363
newCH= 3668246469439403642108139954942051788039002108926450914263936751875235784419821235123771599946359696607
msg1= i sent first message
rand1= 321212719456251928603729084848803592862779196433935354728500252333189401735260788976018181691291928
CH= 4358933457152094811427744343824668242274808104095780958509964071082577963771677287340018883721447731930

msg2= this is for xiaoli
rand2= 1600886946897904252453829524290879259571979399891266641719411120294848259789501286957337182315247037003
newCH= 4358933457152094811427744343824668242274808104095780958509964071082577963771677287340018883721447731930
msg1= i sent first message
rand1= 321212719456251928603729084848803592862779196433935354728500252333189401735260788976018181691291928
CH= 3606336209007531296546009888662044100281706357061828794482738309550743732587182129592436811531356994359

msg2= this is for xiaoli
rand2= 1822000295252409447301537960206268896992844562546056425410196709457115965541288731712864793531110542913
newCH= 3606336209007531296546009888662044100281706357061828794482738309550743732587182129592436811531356994359
msg1= i sent first message
rand1= 321212719456251928603729084848803592862779196433935354728500252333189401735260788976018181691291928
CH= 1539156425947937322132055188002064565550176786393303694003506609082149075145244694880884888796335871900

msg2= this is for xiaoli
rand2= 4025649949951035273010825356099422923568375705636781757054324713742073669543721701132063531328034769392
newCH= 1539156425947937322132055188002064565550176786393303694003506609082149075145244694880884888796335871900
msg1= i sent first message
rand1= 321212719456251928603729084848803592862779196433935354728500252333189401735260788976018181691291928
CH= 3410151420611903749075753075862166931348709170580331387833046161614741876268680515489952294490096905004

msg2= this is for xiaoli
rand2= 1855986267939056600650862054700662118865872319657864801159897819661637693217687129170178188783901129650
newCH= 3410151420611903749075753075862166931348709170580331387833046161614741876268680515489952294490096905004
msg1= i sent first message
rand1= 321212719456251928603729084848803592862779196433935354728500252333189401735260788976018181691291928
CH= 2088631364537551855598141446362402279712104572387326448563207366399640934766890050657957355066259074902

msg2= this is for xiaoli
rand2= 1880280993015122022825705278756750331775795856279721746478978075091460429321229366088035349030657971663
newCH= 2088631364537551855598141446362402279712104572387326448563207366399640934766890050657957355066259074902
msg1= i sent first message
rand1= 321212719456251928603729084848803592862779196433935354728500252333189401735260788976018181691291928
CH= 4189212697767377683188500292978932580612939167666367524064763728802033938834671546448801479168656215342

msg2= this is for xiaoli
rand2= 2049857372942939165603624746707747178462090899568992165262451791935344045998354183808193847250916647412
newCH= 4189212697767377683188500292978932580612939167666367524064763728802033938834671546448801479168656215342

 CH集合为： [475013120776278145338069953148441703027006071205312184219573423201401609467827419912129569368884261245, 1954715726644947948173658531087777932541848054679631645558522615732254539325747231449907208270202997425, 1247243261084933746076735731288889845326928461979221538828381085120822000371370406051099447560285872119, 904340269609402760777048952098000496771515931508167571027827164332615901727849227652349969778841854255, 4269025430759081094944144629610492917585563929481475652279486807694851688025947007847760155248012872870, 1948088528246365847110283352524401012406075242153408967627414427965660212314580447105030130516449939968, 4684843988604272176412228178824422590964114429022772320066000100974006280517852933305586882936014625261, 4234948602102598782920083663106319794904262752628164838639442613535812576128174271064239092197189062872, 3244604412030339377390703750070641764557267984337803613935304192492351824219663214490472754861597590367, 124360779618322079178338752282121464987650967834125265944595253276697696412579356594135813106197930049, 2342436036137535180097393781520991875904620138992697231442482083180099565669352773372384458748421484658, 1165921369057742709604397810414865951501562334000168258694507651357853249711056285004042711965644606360, 2926338833187544460980594244496403537088466698110212954736441315010145516103521216810517905477311041189, 1958509193009954235471979656493483514501035237842566749402485006045874596213788147184140540271667199476, 1099887206293865692744422247162996650217635404060559347025111723867806745524714274623337533093501223597, 1196480606237006851125878572244997870867708168793251664452020031672694139553503152544771536911912739770, 2983173511021860518488155070765612941415551561978858989213731518512116825601158818384596455251292356227, 253647627017680278380533136304281302247023057873956465373857322282645554975887931528807728422949402596, 2440722742332769299100852944382059150845850999452479312536416859556881878306393726561102058843805605001, 4356903684302873884700943272597364374570229730093792485022093528848685408839153263998571298297904211215, 1292734825196580542691543403051991134135444221141150278874505959697827611232636941890076593301281726341, 4827282292215937765490838679548679021743590277872261136606059499117199663784123949163828250504952766043, 2384656833404539847366325953727131974975684344685496648064880927177799262918018659330750799238059462005, 2879989096322843407735385424309019864955325286821410306033481032326490649325881962356036185590634393979, 2690160442389425280366321072880120937252157339420652958960056277605878957306409534121399627751083386702, 3323986692853700032448967313643238439134697687542866591152617021924049753695826477367530493038489127782, 4092620677335790190992944137253602694327394029142036227955686320872971823102154241524002967721269536183, 4558926676524373538939390416610219945673709080521947538546889044155957535649618857864287413684238248129, 1896680313609877272559723800000057518107347201969142833621101535252487700122114029138580854797412456373, 2375041108708990930854081467734127616410648027701656624109131942415189717595025762342022087795544901409, 3424552627951455836013621975132172320644250730278264459873485416063484693794544796505301299563836248406, 4169453980975966142603479947129998082333023864215541203817435068600154176437427016174681045789554459417, 1207593760159498877903207020935276076599367779384917536504315363960909069988185240605696415095918374505, 258388381144938669473766256102796234965552099929168500784359996245993021315614051052909027042072540158, 1230323632092952342261682563350263534123994961710720790364552880958856576606236013814598830137337342747, 1217333962914899361387056413423574168495447646593021592029518984056735188023922013958692210253029272331, 16479777743923487794573923789547630650389322858692413081032309784814521699935518919086131623352005130, 898243923021136571538123503959674350725127284128087543739551516189007453150966094161286661281688583674, 1583188686392496821444176824658758343775504948459396096403846477690708705471817074398828171028891547846, 1100881297334050500689336607202146999051659450707848273611510610400845109690161674783437734121743515170, 2039572128072128486440870085534339887154099875850805061465073268112027258892259119916802027765349982818, 3509273733431234058497008078310267432090917575439048791209785370919346023808962838557215317584244968196, 4404465651090094812320034211769392525663350585245781704062203322833424379007583588276527785640178115880, 4112179957308791653107273472994250636824089836268804472496173623683461529327870765458629619012692638160, 4754980802523866760236472140664288731496829901310629563096137361017995286946447538722542226027622150746, 1396163568294634640679074749348960452049070728085963939966715401006008655046881008308252698501638517431, 360488939038589776274465709476151540745054658475981747327788093761748851245365307646093955446029648962, 4002649937388366035577736166657705528698031712889050277612593575004947586947716441888958959825557503448, 1075323838355100829756492502779982362301865520395717964098354627326613802304294691834478726257540979801, 2364588785493178345900383998082185412475694122759623492844666050011852046518938182030571754007720969224, 63168012531001803236484443306405340167394419814570583611072005338473904597196121617946045819651045610, 1265806271336678440089261325360612729264550735734912975861778925338996484798443744822219311785160836951, 3968662314860889139423779614296262370846293666380116803246773882314442568913862171916142230874711353985, 4727936774445124591198615563728217787257052190647701069460189806353501278952051331633815529065664305316, 1744073857750599119143118539131767743539031805447676112405950393944667993902447512770583889462919241147, 2940892923284458986948528190875005310202487310207958475573495289208439801560788746476057062736067564995, 2669135695633673269804290707692767127482425342526288467211773294404122662330472223284430985180320697696, 1609624841374640172220882147966305629687787985258716720583311637125934471490694276311314121309205144991, 115737203435815538326820517458782351920938675630637010170522606239056766026470188352358097578191598152, 1414163169974504082457308065770036272511540297975379159188653095963894042689037625719111759874290461445, 3072799680719999762112780991921476880567229301833656815694375624404938171230955551499078819212511628668, 2570146930440383284774872410107307429130716077846016735614100809307846503564842651298259210278372654698, 4858306902385573891675147069717914605116966223189584813567881487041742957070680201197228817067622386682, 1132315434000086407776385396850276494414750716784552275286156671896321997662769525088792541857726031208, 680827539085582126575065739609809635036946288328097390675072182917567074829689512014351036651110707541, 2659560124343882288971392823486230584263127912234236891073866185994795560578947284633462515512707079755, 3453592685131528412813950255685382937962248167398926113209775638627240115954574621318395097571914986725, 1229444287736222023362411298301883674341634804298755439029458145120698928522755811275579483945682190211, 4746019085175025307478262545422686296563612954520645767254659171206507460863919324957192319324856922762, 1370711474145057239707416428137320150362936463688596758071237542225002878422834830163273183005626561244, 377475836156608009611058001944662962994781908099637079247002223308540869045324792214475390581281319242, 2832868167159051119812864812458629529399889222751816766787266604402587069147864295541578723076687487000, 686220788302255880691370182341442588222480288389728455318274030413956210859573627137697757978046131915, 4667369997494338520866909927624896462067068072747224161875037999927324932853722809795678668985715622483, 1511373389423173526531622265540977651540244387701242277373575312722986119066717692947357060458609225663, 4056321562400470322831222712946509427546036997749303727654357535079864412198737905101730914784948546536, 36665540556705076688724016316461296327987970225718687504782981514155473330290709901309090462856526843, 4628218067688248896930375271864637671737974340884256340166136884670552233541513289703407598937449692235, 2934534990101035372673291642057402914831891628104562930360463258813249656449012311437506827372448353970, 892164177466957162226816837849380269486403317273472916138010349290358022888568470294890581629256228443, 3237367100810288695296983765417640742396657396326365996735914914932632544609915362588246328999088425269, 1014706562184899587695107103466760850312513802484353263291538646394021439693363108593240461404714143937, 3741888108186945329567807428502555774616655624844618804283826281622928234081605469685762285045053085084, 4537084413062222017288408792675875221062520752385079369954380341674321999124762028692313955272920789495, 843098179488380909503542777367093621309430248189734062782059668933109562415278633040372077017934237829, 3310438738262198272830980216881695727303353289824907966316486895781032695085282208206571701657832698236, 501586091614367794944268584141514630564770016458173153441501803372939630900779675405557868945605522437, 2300076292685605967671616768023358521631786058960741076922688888293423996233325995758822850325510946889, 3973545256541892394004359731024148974363581864746368535380124897098176436496937204236494256516589356571, 3857113184073825156143599899772389899941226201254665352428583545551901573232612652093976496091413362004, 1791142930689638214958004668740572782751448906230216495989936546851305547148077257559808737511359084903, 1489952645381294830044940779858725627712674215052316770296779116530233592428921873289526345047406173152, 3798705521532838760005339556607472048798574275665454533769742182249984349040126220364781924767056315603, 3668246469439403642108139954942051788039002108926450914263936751875235784419821235123771599946359696607, 4358933457152094811427744343824668242274808104095780958509964071082577963771677287340018883721447731930, 3606336209007531296546009888662044100281706357061828794482738309550743732587182129592436811531356994359, 1539156425947937322132055188002064565550176786393303694003506609082149075145244694880884888796335871900, 3410151420611903749075753075862166931348709170580331387833046161614741876268680515489952294490096905004, 2088631364537551855598141446362402279712104572387326448563207366399640934766890050657957355066259074902, 4189212697767377683188500292978932580612939167666367524064763728802033938834671546448801479168656215342]
100

 newCH集合为： [475013120776278145338069953148441703027006071205312184219573423201401609467827419912129569368884261245, 1954715726644947948173658531087777932541848054679631645558522615732254539325747231449907208270202997425, 1247243261084933746076735731288889845326928461979221538828381085120822000371370406051099447560285872119, 904340269609402760777048952098000496771515931508167571027827164332615901727849227652349969778841854255, 4269025430759081094944144629610492917585563929481475652279486807694851688025947007847760155248012872870, 1948088528246365847110283352524401012406075242153408967627414427965660212314580447105030130516449939968, 4684843988604272176412228178824422590964114429022772320066000100974006280517852933305586882936014625261, 4234948602102598782920083663106319794904262752628164838639442613535812576128174271064239092197189062872, 3244604412030339377390703750070641764557267984337803613935304192492351824219663214490472754861597590367, 124360779618322079178338752282121464987650967834125265944595253276697696412579356594135813106197930049, 2342436036137535180097393781520991875904620138992697231442482083180099565669352773372384458748421484658, 1165921369057742709604397810414865951501562334000168258694507651357853249711056285004042711965644606360, 2926338833187544460980594244496403537088466698110212954736441315010145516103521216810517905477311041189, 1958509193009954235471979656493483514501035237842566749402485006045874596213788147184140540271667199476, 1099887206293865692744422247162996650217635404060559347025111723867806745524714274623337533093501223597, 1196480606237006851125878572244997870867708168793251664452020031672694139553503152544771536911912739770, 2983173511021860518488155070765612941415551561978858989213731518512116825601158818384596455251292356227, 253647627017680278380533136304281302247023057873956465373857322282645554975887931528807728422949402596, 2440722742332769299100852944382059150845850999452479312536416859556881878306393726561102058843805605001, 4356903684302873884700943272597364374570229730093792485022093528848685408839153263998571298297904211215, 1292734825196580542691543403051991134135444221141150278874505959697827611232636941890076593301281726341, 4827282292215937765490838679548679021743590277872261136606059499117199663784123949163828250504952766043, 2384656833404539847366325953727131974975684344685496648064880927177799262918018659330750799238059462005, 2879989096322843407735385424309019864955325286821410306033481032326490649325881962356036185590634393979, 2690160442389425280366321072880120937252157339420652958960056277605878957306409534121399627751083386702, 3323986692853700032448967313643238439134697687542866591152617021924049753695826477367530493038489127782, 4092620677335790190992944137253602694327394029142036227955686320872971823102154241524002967721269536183, 4558926676524373538939390416610219945673709080521947538546889044155957535649618857864287413684238248129, 1896680313609877272559723800000057518107347201969142833621101535252487700122114029138580854797412456373, 2375041108708990930854081467734127616410648027701656624109131942415189717595025762342022087795544901409, 3424552627951455836013621975132172320644250730278264459873485416063484693794544796505301299563836248406, 4169453980975966142603479947129998082333023864215541203817435068600154176437427016174681045789554459417, 1207593760159498877903207020935276076599367779384917536504315363960909069988185240605696415095918374505, 258388381144938669473766256102796234965552099929168500784359996245993021315614051052909027042072540158, 1230323632092952342261682563350263534123994961710720790364552880958856576606236013814598830137337342747, 1217333962914899361387056413423574168495447646593021592029518984056735188023922013958692210253029272331, 16479777743923487794573923789547630650389322858692413081032309784814521699935518919086131623352005130, 898243923021136571538123503959674350725127284128087543739551516189007453150966094161286661281688583674, 1583188686392496821444176824658758343775504948459396096403846477690708705471817074398828171028891547846, 1100881297334050500689336607202146999051659450707848273611510610400845109690161674783437734121743515170, 2039572128072128486440870085534339887154099875850805061465073268112027258892259119916802027765349982818, 3509273733431234058497008078310267432090917575439048791209785370919346023808962838557215317584244968196, 4404465651090094812320034211769392525663350585245781704062203322833424379007583588276527785640178115880, 4112179957308791653107273472994250636824089836268804472496173623683461529327870765458629619012692638160, 4754980802523866760236472140664288731496829901310629563096137361017995286946447538722542226027622150746, 1396163568294634640679074749348960452049070728085963939966715401006008655046881008308252698501638517431, 360488939038589776274465709476151540745054658475981747327788093761748851245365307646093955446029648962, 4002649937388366035577736166657705528698031712889050277612593575004947586947716441888958959825557503448, 1075323838355100829756492502779982362301865520395717964098354627326613802304294691834478726257540979801, 2364588785493178345900383998082185412475694122759623492844666050011852046518938182030571754007720969224, 63168012531001803236484443306405340167394419814570583611072005338473904597196121617946045819651045610, 1265806271336678440089261325360612729264550735734912975861778925338996484798443744822219311785160836951, 3968662314860889139423779614296262370846293666380116803246773882314442568913862171916142230874711353985, 4727936774445124591198615563728217787257052190647701069460189806353501278952051331633815529065664305316, 1744073857750599119143118539131767743539031805447676112405950393944667993902447512770583889462919241147, 2940892923284458986948528190875005310202487310207958475573495289208439801560788746476057062736067564995, 2669135695633673269804290707692767127482425342526288467211773294404122662330472223284430985180320697696, 1609624841374640172220882147966305629687787985258716720583311637125934471490694276311314121309205144991, 115737203435815538326820517458782351920938675630637010170522606239056766026470188352358097578191598152, 1414163169974504082457308065770036272511540297975379159188653095963894042689037625719111759874290461445, 3072799680719999762112780991921476880567229301833656815694375624404938171230955551499078819212511628668, 2570146930440383284774872410107307429130716077846016735614100809307846503564842651298259210278372654698, 4858306902385573891675147069717914605116966223189584813567881487041742957070680201197228817067622386682, 1132315434000086407776385396850276494414750716784552275286156671896321997662769525088792541857726031208, 680827539085582126575065739609809635036946288328097390675072182917567074829689512014351036651110707541, 2659560124343882288971392823486230584263127912234236891073866185994795560578947284633462515512707079755, 3453592685131528412813950255685382937962248167398926113209775638627240115954574621318395097571914986725, 1229444287736222023362411298301883674341634804298755439029458145120698928522755811275579483945682190211, 4746019085175025307478262545422686296563612954520645767254659171206507460863919324957192319324856922762, 1370711474145057239707416428137320150362936463688596758071237542225002878422834830163273183005626561244, 377475836156608009611058001944662962994781908099637079247002223308540869045324792214475390581281319242, 2832868167159051119812864812458629529399889222751816766787266604402587069147864295541578723076687487000, 686220788302255880691370182341442588222480288389728455318274030413956210859573627137697757978046131915, 4667369997494338520866909927624896462067068072747224161875037999927324932853722809795678668985715622483, 1511373389423173526531622265540977651540244387701242277373575312722986119066717692947357060458609225663, 4056321562400470322831222712946509427546036997749303727654357535079864412198737905101730914784948546536, 36665540556705076688724016316461296327987970225718687504782981514155473330290709901309090462856526843, 4628218067688248896930375271864637671737974340884256340166136884670552233541513289703407598937449692235, 2934534990101035372673291642057402914831891628104562930360463258813249656449012311437506827372448353970, 892164177466957162226816837849380269486403317273472916138010349290358022888568470294890581629256228443, 3237367100810288695296983765417640742396657396326365996735914914932632544609915362588246328999088425269, 1014706562184899587695107103466760850312513802484353263291538646394021439693363108593240461404714143937, 3741888108186945329567807428502555774616655624844618804283826281622928234081605469685762285045053085084, 4537084413062222017288408792675875221062520752385079369954380341674321999124762028692313955272920789495, 843098179488380909503542777367093621309430248189734062782059668933109562415278633040372077017934237829, 3310438738262198272830980216881695727303353289824907966316486895781032695085282208206571701657832698236, 501586091614367794944268584141514630564770016458173153441501803372939630900779675405557868945605522437, 2300076292685605967671616768023358521631786058960741076922688888293423996233325995758822850325510946889, 3973545256541892394004359731024148974363581864746368535380124897098176436496937204236494256516589356571, 3857113184073825156143599899772389899941226201254665352428583545551901573232612652093976496091413362004, 1791142930689638214958004668740572782751448906230216495989936546851305547148077257559808737511359084903, 1489952645381294830044940779858725627712674215052316770296779116530233592428921873289526345047406173152, 3798705521532838760005339556607472048798574275665454533769742182249984349040126220364781924767056315603, 3668246469439403642108139954942051788039002108926450914263936751875235784419821235123771599946359696607, 4358933457152094811427744343824668242274808104095780958509964071082577963771677287340018883721447731930, 3606336209007531296546009888662044100281706357061828794482738309550743732587182129592436811531356994359, 1539156425947937322132055188002064565550176786393303694003506609082149075145244694880884888796335871900, 3410151420611903749075753075862166931348709170580331387833046161614741876268680515489952294490096905004, 2088631364537551855598141446362402279712104572387326448563207366399640934766890050657957355066259074902, 4189212697767377683188500292978932580612939167666367524064763728802033938834671546448801479168656215342]
100

 r2集合为： [1054578151551583233486855015888349350438603794202160665825064843726442696196934187831902477503996420912, 3820886347124219376278779523961369749235936234635237574951055326220463511187381058525341321704686775112, 4794578888448163071020984365486294562992850929305592657250613012173947927222055574945687057143103204251, 4194354416389932997915462502571757115012550916942431008589855179169429792276740856577543571615079633641, 782817995676868171698634140175286569829925039242858221662362627282678197034736548241693671514517477898, 4507541057435745910625080881262414052276493454448277279894464950326758762626794798108237460333512118567, 1716041641130693563518969522140290708294557232824828852393866000437457433083091886808543298132082428904, 370198380122667183429800325137213481678657149694580709591453697351658429314124421181893873740157131772, 154181508594078615053219175537299719564774111799778243529970932765883070266864080037404642168517952464, 1607113373906745174329314766102662497432443861475582794021722207939638296739271786548086409067456265948, 660027916351211256280044886904496639711406646964539029300408520872017179425652470417516451175979405716, 4003763484820504786140422570442127513882317061286859974932871193165888147470228115826274585047075941482, 4788000463430514349384603876437300726932272678601198532363822357489719334747944027609364973275228521491, 1373224648218811129987873424310859415179591916764378819609596050085085321812261360215541015180551081118, 4291392414015896710136236654500608426676607040894815837011826252319823762934507658465237043272051850287, 1933573217766932681960353664228631293470602704530196041175079456815380393393313353298652092660549018510, 1575756444047179853025123360974657333160045135109858567197544762811026356619926494207177410614741092462, 2482345496577580225788499832389110454930510226715540764030633638295572583974371167939456450878407270903, 635572176175508284755461923333240691558525089059464174998256119187932261479684948418784821753792814334, 3017147836263922407244254863637098077385267599880667264558545632437001670385218908249551036925776347646, 3038137548780377507331791204353565546750390175360872865227705171921724310265631365653589979564627903321, 1744805932581562873819214159206615943550740622945380162434221266133608581679925466573075682470114981330, 234239562392494418943253617218750647434358933140324385680462942575244248807112170128054917117846717664, 3395846725487491831796864199474569078432309080452189510446414277986179415649083388378216518506263578922, 2089961558601969219143773621812563633650051774912386799932794601459689581159429083951943105929878786145, 667506464932940401085103743066384787677085111814798861182735593927187330627832874735384452682084097414, 17559609672353234594005736078182689164790397905636317054249997197433862151088232647140183235144520199, 3896282368751128715880663528819591294205072973129250929721789132291580059709272438219446670894929824762, 2504295345303355819981447323531360493534840501528407856063771468864781347789413258732028123821627170305, 2893849444698492637265429935447844387832969644839156390132512979530386547308093306152061137525985232766, 2571014846625419694104440017392989853392128819814175443064102455310498099804104513203857226336773595157, 4626512633994442099372770451563497585848975018436456815521130414384942680700729414596069447755924672783, 948487888743786338337798751552299195113249060224651648470129012130211172006602921112768224528198481658, 4101391976069912277579816762691604341184360922989912469582017858274532693410336077214968651473939935244, 2433894593026021453292816397682059178211866278214304036601294107297054914271988898095598650737381028575, 643443941348821262068267817753668510709372053930373474874806591139176268931831259929439927499309551253, 2890079562914113569540808167738535645420269146001383458754765770024307561583363474059048769643612081087, 314540334819218988810254715401082340125912077721394754655105133385714820606713376350155829357158806964, 2672433114624758220973991350091065123084741620058269494906519266012658753364345597919546548940284454546, 2155864241027502228814522468190024273491993130815536022628612349835237722525194676967636992612404924811, 1708207457149662175951719413245396815967581536979066303935336959761604651475422169790379127804295780362, 3411022863358961027625387360757570591309334840384164397856012538584845727800769310660896378075911252962, 4574323228120523868972586145059394904747421105965764408566698308147691191605602430728850289968615801330, 965262144967760676119512613787555114705732483793066992696042599561624272698641086613688550371361871440, 363307325043154374249875569294860554367040871148913200227075829631698615603220107231545753558984877421, 1192386041899393312091215156824993141343794101617771745383358981229149925114984683198070439331655675989, 1115534115033060863466742108472045900477261684433296602062080459908269929121002469596290353026109039875, 3266870966584406114776002365382262219702949681035711013960467946846197658369778543504658702387242233784, 4123928036714758288646856794529071440032158947200363288219478629429810355834098379124556239452026548913, 2479161984538845802099153259430837601998768330298848934017277553679700390516945717154009168761028689742, 2978882166685488764835634327125970615735403462057215913664364656571115371280503965574411394854118001680, 1434916949557946441405737817915215968711428404468143300896531264390781259953334367693832446240783374704, 736130227181314376350215075218694367992987806048065811715220264434673456927457102927569951894828689611, 3231526195348412968710277245532720309556812148026807405772970899869239070308852250313372659551441864019, 2228346997986582670983024270018573621548928307387508096123792434431946695205903980282976591283330357738, 3370368770306415609722632958810979543989600538405119740194903693128896529713114937771211342787629923263, 3956883254651710665598853986951674523380633256216332921434843554984490324021371105609587689624267271153, 4456358242169515125082997655867442593280154656979061200960305993257613220967561630187065068859602604498, 4519423452189971195017881610391899062833632764064785298762698324132649999472132864634797894354991760513, 2337297297249992084616170895426218758986665763615857976268196241249740122757144676947410615097122880645, 1728384691519054687580837364191716962229433895646227801302320787919853337101943784101434469347737788272, 2405466584525668995647405676629356705183019701238724298213735040885561477605233489369896288127420312956, 4050800616564018179460559447492675111346560215221074174838270334636841121872725480981842132843921747814, 1886957351532820825744458815598853412540613664729996203988033028339852872665840762943378888158443169546, 629926981294636292683044795001646735477230979201023681476308192414292135209329154244969634584303627176, 2609154518872198039846708481985764866872897507865140933987939470700824904948712818542329332774330298665, 1399357861638380340454506852429766941598165484476684266913742953752309899585221660604953649701679924129, 1546019219311348384636149104178991548170188822657025963662511945937871173775506294911064727224975993041, 2930187746864088529300596796413488374743683427402398369662769125901012600735504618456296381484915864765, 3967233241872493372796868569849772749747931823085588211287053733048450433786837610247489653281437258250, 2166720209309760715923986281473217985921583633699557205830049329526593066381363417617296293464630712202, 1218171023270509968822117356101237879243821721311774192369165660969821339353132950766273896606811141051, 921174086741468351291844233996655059737022597344813851110405129137583603492370199759031090077874787356, 1205850644420617271916186142379742511812904063046297346632350965855885464879962827221789870409782502205, 251832645655797269635504331840852382233788975574481999162157306617597388995843649268888434684349891173, 2591853238991177854890982559467813471155550192047771848511259167785572925520405819019305365322311772754, 2224839172574337359892045033871472791330009680251142655491667931723573768511287587075640616177083684289, 1655050374115182580488596009715646348129295813305415941113705849859756495230228643407980128524469383597, 459455765710891127362721554552158655082340116674005134384084028977606609116731860142715423110498420200, 257287393042163502254019279686060009974818820312699878890062188375782513456516699645470393542397043365, 3375193428877827160272206718178193469853155847930291647277750351607550948556784474773914524093917516262, 4336810657088714850549949622535352261896395756032187020968301617546357606570438522449508429473240149622, 40973920028931050046255618597720230817411624603766828813059274012079234868052290478640906921868718496, 4367413725228529116591431047656199686882861674078452563406860581311922417314011251469973086456940780230, 4654267835306936869036305518685886524855735648434793993030103531326833848670891792467482951341736994906, 3653753668463457055894155064742728518232978001872347853566159019808390521753638333185863292930092626432, 1634673002332026805671485826357647253761178367820305796538660459580301966588431590479179646597563202188, 4210661519179575774261921520716413728608219081717471593099211128133856925196264217711064105333764769358, 2361104568255712056004298250780245521439162809744767124598402149074281459653238056504704053380703395260, 1494228567961845770515083865580663488822239870979129475187480585465687217667683844445533561116618447407, 1817312479923945622996776932416466856804081745380460279266717628617503551334603362457806332424788355957, 2072934030825814395747312599609371224642193903791087741884503517546631974858516906932315483902809879378, 1759377400753673293588347408064651163918863909811056395183730052669875747607351038716120574352070777158, 4525674987323915902465480448775078523749895003314460408891386616350365824718881273865777136389069139363, 1600886946897904252453829524290879259571979399891266641719411120294848259789501286957337182315247037003, 1822000295252409447301537960206268896992844562546056425410196709457115965541288731712864793531110542913, 4025649949951035273010825356099422923568375705636781757054324713742073669543721701132063531328034769392, 1855986267939056600650862054700662118865872319657864801159897819661637693217687129170178188783901129650, 1880280993015122022825705278756750331775795856279721746478978075091460429321229366088035349030657971663, 2049857372942939165603624746707747178462090899568992165262451791935344045998354183808193847250916647412]
100

open success!

程序用时为： 0.4252607809903566 s
103
